

Started GET "/" for ::1 at 2015-09-25 15:20:04 -0400

ActiveRecord::PendingMigrationError (

Migrations are pending. To resolve this issue, run:

	bin/rake db:migrate RAILS_ENV=development

):
  /usr/local/lib/ruby/gems/2.2.0/bundler/gems/rails-438662ab3271/activerecord/lib/active_record/migration.rb:392:in `check_pending!'
  /usr/local/lib/ruby/gems/2.2.0/bundler/gems/rails-438662ab3271/activerecord/lib/active_record/migration.rb:373:in `call'
  /usr/local/lib/ruby/gems/2.2.0/bundler/gems/rails-438662ab3271/actionpack/lib/action_dispatch/middleware/callbacks.rb:29:in `block in call'
  /usr/local/lib/ruby/gems/2.2.0/bundler/gems/rails-438662ab3271/activesupport/lib/active_support/callbacks.rb:88:in `__run_callbacks__'
  /usr/local/lib/ruby/gems/2.2.0/bundler/gems/rails-438662ab3271/activesupport/lib/active_support/callbacks.rb:778:in `_run_call_callbacks'
  /usr/local/lib/ruby/gems/2.2.0/bundler/gems/rails-438662ab3271/activesupport/lib/active_support/callbacks.rb:81:in `run_callbacks'
  /usr/local/lib/ruby/gems/2.2.0/bundler/gems/rails-438662ab3271/actionpack/lib/action_dispatch/middleware/callbacks.rb:27:in `call'
  /usr/local/lib/ruby/gems/2.2.0/bundler/gems/rails-438662ab3271/actionpack/lib/action_dispatch/middleware/reloader.rb:73:in `call'
  /usr/local/lib/ruby/gems/2.2.0/bundler/gems/rails-438662ab3271/actionpack/lib/action_dispatch/middleware/remote_ip.rb:78:in `call'
  /usr/local/lib/ruby/gems/2.2.0/bundler/gems/rails-438662ab3271/actionpack/lib/action_dispatch/middleware/debug_exceptions.rb:17:in `call'
  web-console (2.2.1) lib/web_console/middleware.rb:39:in `call'
  /usr/local/lib/ruby/gems/2.2.0/bundler/gems/rails-438662ab3271/actionpack/lib/action_dispatch/middleware/show_exceptions.rb:30:in `call'
  /usr/local/lib/ruby/gems/2.2.0/bundler/gems/rails-438662ab3271/railties/lib/rails/rack/logger.rb:38:in `call_app'
  /usr/local/lib/ruby/gems/2.2.0/bundler/gems/rails-438662ab3271/railties/lib/rails/rack/logger.rb:20:in `block in call'
  /usr/local/lib/ruby/gems/2.2.0/bundler/gems/rails-438662ab3271/activesupport/lib/active_support/tagged_logging.rb:68:in `block in tagged'
  /usr/local/lib/ruby/gems/2.2.0/bundler/gems/rails-438662ab3271/activesupport/lib/active_support/tagged_logging.rb:26:in `tagged'
  /usr/local/lib/ruby/gems/2.2.0/bundler/gems/rails-438662ab3271/activesupport/lib/active_support/tagged_logging.rb:68:in `tagged'
  /usr/local/lib/ruby/gems/2.2.0/bundler/gems/rails-438662ab3271/railties/lib/rails/rack/logger.rb:20:in `call'
  /usr/local/lib/ruby/gems/2.2.0/bundler/gems/rails-438662ab3271/actionpack/lib/action_dispatch/middleware/request_id.rb:21:in `call'
  rack (1.6.4) lib/rack/methodoverride.rb:22:in `call'
  rack (1.6.4) lib/rack/runtime.rb:18:in `call'
  /usr/local/lib/ruby/gems/2.2.0/bundler/gems/rails-438662ab3271/activesupport/lib/active_support/cache/strategy/local_cache_middleware.rb:28:in `call'
  rack (1.6.4) lib/rack/lock.rb:17:in `call'
  /usr/local/lib/ruby/gems/2.2.0/bundler/gems/rails-438662ab3271/actionpack/lib/action_dispatch/middleware/static.rb:116:in `call'
  rack (1.6.4) lib/rack/sendfile.rb:113:in `call'
  /usr/local/lib/ruby/gems/2.2.0/bundler/gems/rails-438662ab3271/railties/lib/rails/engine.rb:518:in `call'
  /usr/local/lib/ruby/gems/2.2.0/bundler/gems/rails-438662ab3271/railties/lib/rails/application.rb:165:in `call'
  rack (1.6.4) lib/rack/lock.rb:17:in `call'
  rack (1.6.4) lib/rack/content_length.rb:15:in `call'
  rack (1.6.4) lib/rack/handler/webrick.rb:88:in `service'
  /usr/local/Cellar/ruby/2.2.2/lib/ruby/2.2.0/webrick/httpserver.rb:138:in `service'
  /usr/local/Cellar/ruby/2.2.2/lib/ruby/2.2.0/webrick/httpserver.rb:94:in `run'
  /usr/local/Cellar/ruby/2.2.2/lib/ruby/2.2.0/webrick/server.rb:294:in `block in start_thread'


  Rendered /usr/local/lib/ruby/gems/2.2.0/bundler/gems/rails-438662ab3271/actionpack/lib/action_dispatch/middleware/templates/rescues/_source.erb (2.0ms)
  Rendered /usr/local/lib/ruby/gems/2.2.0/bundler/gems/rails-438662ab3271/actionpack/lib/action_dispatch/middleware/templates/rescues/_trace.html.erb (1.2ms)
  Rendered /usr/local/lib/ruby/gems/2.2.0/bundler/gems/rails-438662ab3271/actionpack/lib/action_dispatch/middleware/templates/rescues/_request_and_response.html.erb (0.7ms)
  Rendered /usr/local/lib/ruby/gems/2.2.0/bundler/gems/rails-438662ab3271/actionpack/lib/action_dispatch/middleware/templates/rescues/diagnostics.html.erb within rescues/layout (48.1ms)
  Rendered /usr/local/lib/ruby/gems/2.2.0/gems/web-console-2.2.1/lib/web_console/templates/_markup.html.erb (0.5ms)
  Rendered /usr/local/lib/ruby/gems/2.2.0/gems/web-console-2.2.1/lib/web_console/templates/_inner_console_markup.html.erb within layouts/inlined_string (0.4ms)
  Rendered /usr/local/lib/ruby/gems/2.2.0/gems/web-console-2.2.1/lib/web_console/templates/_prompt_box_markup.html.erb within layouts/inlined_string (0.3ms)
  Rendered /usr/local/lib/ruby/gems/2.2.0/gems/web-console-2.2.1/lib/web_console/templates/style.css.erb within layouts/inlined_string (0.3ms)
  Rendered /usr/local/lib/ruby/gems/2.2.0/gems/web-console-2.2.1/lib/web_console/templates/console.js.erb within layouts/javascript (51.2ms)
  Rendered /usr/local/lib/ruby/gems/2.2.0/gems/web-console-2.2.1/lib/web_console/templates/main.js.erb within layouts/javascript (0.2ms)
  Rendered /usr/local/lib/ruby/gems/2.2.0/gems/web-console-2.2.1/lib/web_console/templates/error_page.js.erb within layouts/javascript (0.5ms)
  Rendered /usr/local/lib/ruby/gems/2.2.0/gems/web-console-2.2.1/lib/web_console/templates/index.html.erb (114.1ms)
  [1m[36m (1.7ms)[0m  [1mCREATE TABLE "schema_migrations" ("version" varchar NOT NULL) [0m
  [1m[35m (0.4ms)[0m  select sqlite_version(*)
  [1m[36m (1.1ms)[0m  [1mCREATE UNIQUE INDEX "unique_schema_migrations" ON "schema_migrations" ("version")[0m
  [1m[35mActiveRecord::SchemaMigration Load (0.2ms)[0m  SELECT "schema_migrations".* FROM "schema_migrations"
Migrating to CreateGuys (20150925191835)
  [1m[36m (0.1ms)[0m  [1mbegin transaction[0m
  [1m[35m (0.4ms)[0m  CREATE TABLE "guys" ("id" INTEGER PRIMARY KEY AUTOINCREMENT NOT NULL, "name" varchar, "person" boolean, "created_at" datetime NOT NULL, "updated_at" datetime NOT NULL) 
  [1m[36mSQL (0.1ms)[0m  [1mINSERT INTO "schema_migrations" ("version") VALUES (?)[0m  [["version", "20150925191835"]]
  [1m[35m (1.0ms)[0m  commit transaction
  [1m[36mActiveRecord::SchemaMigration Load (0.1ms)[0m  [1mSELECT "schema_migrations".* FROM "schema_migrations"[0m


Started GET "/" for ::1 at 2015-09-25 15:20:19 -0400
  [1m[36mActiveRecord::SchemaMigration Load (0.1ms)[0m  [1mSELECT "schema_migrations".* FROM "schema_migrations"[0m
Processing by Rails::WelcomeController#index as HTML
  Rendered /usr/local/lib/ruby/gems/2.2.0/bundler/gems/rails-438662ab3271/railties/lib/rails/templates/rails/welcome/index.html.erb (1.6ms)
Completed 200 OK in 14ms (Views: 7.5ms | ActiveRecord: 0.0ms)


Started GET "/guys" for ::1 at 2015-09-25 15:20:23 -0400
Processing by GuysController#index as HTML
  [1m[35mGuy Load (0.2ms)[0m  SELECT "guys".* FROM "guys"
  Rendered guys/index.html.erb within layouts/application (1.8ms)
Completed 200 OK in 797ms (Views: 794.8ms | ActiveRecord: 0.2ms)


Started GET "/assets/guys.self-e3b0c44298fc1c149afbf4c8996fb92427ae41e4649b934ca495991b7852b855.css?body=1" for ::1 at 2015-09-25 15:20:23 -0400


Started GET "/assets/jquery_ujs.self-d456baa54c1fa6be2ec3711f0a72ddf7a5b2f34a6b4f515f33767d6207b7d4b3.js?body=1" for ::1 at 2015-09-25 15:20:23 -0400


Started GET "/assets/jquery.self-a714331225dda820228db323939889f149aec0127aeb06255646b616ba1ca419.js?body=1" for ::1 at 2015-09-25 15:20:23 -0400


Started GET "/assets/application.self-e80e8f2318043e8af94dddc2adad5a4f09739a8ebb323b3ab31cd71d45fd9113.css?body=1" for ::1 at 2015-09-25 15:20:23 -0400


Started GET "/assets/scaffolds.self-0db2084cf24174a9cb3a3d6c04c0aed6302ed2455bde155e6d25bc250d60c9b0.css?body=1" for ::1 at 2015-09-25 15:20:23 -0400


Started GET "/assets/turbolinks.self-c37727e9bd6b2735da5c311aa83fead54ed0be6cc8bd9a65309e9c5abe2cbfff.js?body=1" for ::1 at 2015-09-25 15:20:23 -0400


Started GET "/assets/guys.self-877aef30ae1b040ab8a3aba4e3e309a11d7f2612f44dde450b5c157aa5f95c05.js?body=1" for ::1 at 2015-09-25 15:20:23 -0400


Started GET "/assets/application.self-3b8dabdc891efe46b9a144b400ad69e37d7e5876bdc39dee783419a69d7ca819.js?body=1" for ::1 at 2015-09-25 15:20:23 -0400


Started GET "/guys/new" for ::1 at 2015-09-25 15:20:28 -0400
Processing by GuysController#new as HTML
  Rendered guys/_form.html.erb (20.1ms)
  Rendered guys/new.html.erb within layouts/application (24.1ms)
Completed 200 OK in 63ms (Views: 51.3ms | ActiveRecord: 0.3ms)


Started POST "/guys" for ::1 at 2015-09-25 15:20:32 -0400
Processing by GuysController#create as HTML
  Parameters: {"utf8"=>"✓", "authenticity_token"=>"1yEai1zLYZmkth8XIzbQove6tepv7sBKM3xm64debpu6MBbuyXR3wb8UcdJ3XBahFhAJM72bjZK5qCm5w6i3Sw==", "guy"=>{"name"=>"Alex", "person"=>"0"}, "commit"=>"Create Guy"}
  [1m[36m (0.1ms)[0m  [1mbegin transaction[0m
  [1m[35mSQL (0.6ms)[0m  INSERT INTO "guys" ("name", "person", "created_at", "updated_at") VALUES (?, ?, ?, ?)  [["name", "Alex"], ["person", "f"], ["created_at", "2015-09-25 19:20:32.317433"], ["updated_at", "2015-09-25 19:20:32.317433"]]
  [1m[36m (0.6ms)[0m  [1mcommit transaction[0m
Redirected to http://localhost:3000/guys/1
Completed 302 Found in 36ms (ActiveRecord: 1.2ms)


Started GET "/guys/1" for ::1 at 2015-09-25 15:20:32 -0400
Processing by GuysController#show as HTML
  Parameters: {"id"=>"1"}
  [1m[35mGuy Load (0.2ms)[0m  SELECT  "guys".* FROM "guys" WHERE "guys"."id" = ? LIMIT 1  [["id", 1]]
  Rendered guys/show.html.erb within layouts/application (0.7ms)
Completed 200 OK in 28ms (Views: 22.6ms | ActiveRecord: 0.2ms)


Started GET "/guys" for ::1 at 2015-09-25 15:20:37 -0400
Processing by GuysController#index as HTML
  [1m[36mGuy Load (0.1ms)[0m  [1mSELECT "guys".* FROM "guys"[0m
  Rendered guys/index.html.erb within layouts/application (1.4ms)
Completed 200 OK in 24ms (Views: 23.0ms | ActiveRecord: 0.1ms)


Started GET "/guys/new" for ::1 at 2015-09-25 15:20:38 -0400
Processing by GuysController#new as HTML
  Rendered guys/_form.html.erb (1.6ms)
  Rendered guys/new.html.erb within layouts/application (3.0ms)
Completed 200 OK in 28ms (Views: 27.6ms | ActiveRecord: 0.0ms)


Started POST "/guys" for ::1 at 2015-09-25 15:20:44 -0400
Processing by GuysController#create as HTML
  Parameters: {"utf8"=>"✓", "authenticity_token"=>"9woX/dufHN7tpNvSuqr+dHewuTXxQkP0XSJtv4DQQkOaGxuYTiAKhvYGtRfuwDh3lhoF7CM3DizX9iLtxCabkw==", "guy"=>{"name"=>"Billy", "person"=>"1"}, "commit"=>"Create Guy"}
  [1m[35m (0.1ms)[0m  begin transaction
  [1m[36mSQL (0.3ms)[0m  [1mINSERT INTO "guys" ("name", "person", "created_at", "updated_at") VALUES (?, ?, ?, ?)[0m  [["name", "Billy"], ["person", "t"], ["created_at", "2015-09-25 19:20:44.919684"], ["updated_at", "2015-09-25 19:20:44.919684"]]
  [1m[35m (0.6ms)[0m  commit transaction
Redirected to http://localhost:3000/guys/2
Completed 302 Found in 3ms (ActiveRecord: 1.0ms)


Started GET "/guys/2" for ::1 at 2015-09-25 15:20:44 -0400
Processing by GuysController#show as HTML
  Parameters: {"id"=>"2"}
  [1m[36mGuy Load (0.1ms)[0m  [1mSELECT  "guys".* FROM "guys" WHERE "guys"."id" = ? LIMIT 1[0m  [["id", 2]]
  Rendered guys/show.html.erb within layouts/application (0.2ms)
Completed 200 OK in 25ms (Views: 23.8ms | ActiveRecord: 0.1ms)


Started GET "/guys" for ::1 at 2015-09-25 15:20:46 -0400
Processing by GuysController#index as HTML
  [1m[35mGuy Load (0.1ms)[0m  SELECT "guys".* FROM "guys"
  Rendered guys/index.html.erb within layouts/application (1.1ms)
Completed 200 OK in 27ms (Views: 26.4ms | ActiveRecord: 0.1ms)


Started GET "/guys.jso" for ::1 at 2015-09-25 15:20:49 -0400
Processing by GuysController#index as 
  [1m[36mGuy Load (0.1ms)[0m  [1mSELECT "guys".* FROM "guys"[0m
  Rendered guys/index.html.erb within layouts/application (1.6ms)
Completed 200 OK in 45ms (Views: 44.2ms | ActiveRecord: 0.1ms)


Started GET "/guys.json" for ::1 at 2015-09-25 15:20:51 -0400
Processing by GuysController#index as JSON
  [1m[35mGuy Load (0.1ms)[0m  SELECT "guys".* FROM "guys"
  Rendered guys/index.json.jbuilder (4.0ms)
Completed 200 OK in 9ms (Views: 7.7ms | ActiveRecord: 0.1ms)


Started GET "/guys.json" for ::1 at 2015-09-25 15:25:23 -0400
  [1m[36mActiveRecord::SchemaMigration Load (0.1ms)[0m  [1mSELECT "schema_migrations".* FROM "schema_migrations"[0m
Processing by GuysController#index as JSON
  [1m[35mGuy Load (0.2ms)[0m  SELECT "guys".* FROM "guys"
  Rendered guys/index.json.jbuilder (7.2ms)
Completed 200 OK in 26ms (Views: 16.5ms | ActiveRecord: 0.5ms)


Started GET "/guys.json" for ::1 at 2015-09-25 15:25:50 -0400
Processing by GuysController#index as JSON
  [1m[36mGuy Load (0.3ms)[0m  [1mSELECT "guys".* FROM "guys"[0m
  Rendered guys/index.json.jbuilder (3.8ms)
Completed 200 OK in 9ms (Views: 6.7ms | ActiveRecord: 0.5ms)


Started GET "/guys.json" for ::1 at 2015-09-25 15:25:51 -0400
Processing by GuysController#index as JSON
  [1m[35mGuy Load (0.1ms)[0m  SELECT "guys".* FROM "guys"
  Rendered guys/index.json.jbuilder (1.0ms)
Completed 200 OK in 5ms (Views: 4.3ms | ActiveRecord: 0.1ms)


Started GET "/guys.json" for ::1 at 2015-09-25 15:25:51 -0400
Processing by GuysController#index as JSON
  [1m[36mGuy Load (0.2ms)[0m  [1mSELECT "guys".* FROM "guys"[0m
  Rendered guys/index.json.jbuilder (1.1ms)
Completed 200 OK in 5ms (Views: 4.5ms | ActiveRecord: 0.2ms)


Started GET "/guys.json" for ::1 at 2015-09-25 15:25:51 -0400
Processing by GuysController#index as JSON
  [1m[35mGuy Load (0.2ms)[0m  SELECT "guys".* FROM "guys"
  Rendered guys/index.json.jbuilder (1.1ms)
Completed 200 OK in 5ms (Views: 4.5ms | ActiveRecord: 0.1ms)


Started GET "/guys.json" for ::1 at 2015-09-25 15:30:02 -0400

SyntaxError (/Users/aweisberger/code/ruby/hey_api/app/controllers/guys_controller.rb:9: syntax error, unexpected ':', expecting '}'
      format.json { render: @guys}
                           ^):
  app/controllers/guys_controller.rb:9: syntax error, unexpected ':', expecting '}'


  Rendered /usr/local/lib/ruby/gems/2.2.0/bundler/gems/rails-438662ab3271/actionpack/lib/action_dispatch/middleware/templates/rescues/_source.erb (3.3ms)
  Rendered /usr/local/lib/ruby/gems/2.2.0/bundler/gems/rails-438662ab3271/actionpack/lib/action_dispatch/middleware/templates/rescues/_trace.html.erb (3.3ms)
  Rendered /usr/local/lib/ruby/gems/2.2.0/bundler/gems/rails-438662ab3271/actionpack/lib/action_dispatch/middleware/templates/rescues/_request_and_response.html.erb (1.8ms)
  Rendered /usr/local/lib/ruby/gems/2.2.0/bundler/gems/rails-438662ab3271/actionpack/lib/action_dispatch/middleware/templates/rescues/diagnostics.html.erb within rescues/layout (59.8ms)
  Rendered /usr/local/lib/ruby/gems/2.2.0/gems/web-console-2.2.1/lib/web_console/templates/_markup.html.erb (0.4ms)
  Rendered /usr/local/lib/ruby/gems/2.2.0/gems/web-console-2.2.1/lib/web_console/templates/_inner_console_markup.html.erb within layouts/inlined_string (0.3ms)
  Rendered /usr/local/lib/ruby/gems/2.2.0/gems/web-console-2.2.1/lib/web_console/templates/_prompt_box_markup.html.erb within layouts/inlined_string (0.2ms)
  Rendered /usr/local/lib/ruby/gems/2.2.0/gems/web-console-2.2.1/lib/web_console/templates/style.css.erb within layouts/inlined_string (0.3ms)
  Rendered /usr/local/lib/ruby/gems/2.2.0/gems/web-console-2.2.1/lib/web_console/templates/console.js.erb within layouts/javascript (36.1ms)
  Rendered /usr/local/lib/ruby/gems/2.2.0/gems/web-console-2.2.1/lib/web_console/templates/main.js.erb within layouts/javascript (0.3ms)
  Rendered /usr/local/lib/ruby/gems/2.2.0/gems/web-console-2.2.1/lib/web_console/templates/error_page.js.erb within layouts/javascript (0.4ms)
  Rendered /usr/local/lib/ruby/gems/2.2.0/gems/web-console-2.2.1/lib/web_console/templates/index.html.erb (88.3ms)


Started GET "/guys.json" for ::1 at 2015-09-25 15:30:39 -0400
Processing by GuysController#index as JSON
  [1m[36mGuy Load (0.3ms)[0m  [1mSELECT "guys".* FROM "guys"[0m
Completed 200 OK in 8ms (Views: 5.3ms | ActiveRecord: 0.7ms)


Started GET "/guys.json" for ::1 at 2015-09-25 15:30:55 -0400
Processing by GuysController#index as JSON
  [1m[35mGuy Load (0.2ms)[0m  SELECT "guys".* FROM "guys"
Completed 500 Internal Server Error in 6ms (ActiveRecord: 0.5ms)

SyntaxError (/Users/aweisberger/code/ruby/hey_api/app/serializers/guy_serializer.rb:3: syntax error, unexpected keyword_end):
  app/serializers/guy_serializer.rb:3: syntax error, unexpected keyword_end
  app/controllers/guys_controller.rb:9:in `block (2 levels) in index'
  app/controllers/guys_controller.rb:8:in `index'


  Rendered /usr/local/lib/ruby/gems/2.2.0/bundler/gems/rails-438662ab3271/actionpack/lib/action_dispatch/middleware/templates/rescues/_source.erb (5.4ms)
  Rendered /usr/local/lib/ruby/gems/2.2.0/bundler/gems/rails-438662ab3271/actionpack/lib/action_dispatch/middleware/templates/rescues/_trace.html.erb (2.7ms)
  Rendered /usr/local/lib/ruby/gems/2.2.0/bundler/gems/rails-438662ab3271/actionpack/lib/action_dispatch/middleware/templates/rescues/_request_and_response.html.erb (1.4ms)
  Rendered /usr/local/lib/ruby/gems/2.2.0/bundler/gems/rails-438662ab3271/actionpack/lib/action_dispatch/middleware/templates/rescues/diagnostics.html.erb within rescues/layout (53.1ms)
  Rendered /usr/local/lib/ruby/gems/2.2.0/gems/web-console-2.2.1/lib/web_console/templates/_markup.html.erb (0.3ms)
  Rendered /usr/local/lib/ruby/gems/2.2.0/gems/web-console-2.2.1/lib/web_console/templates/_inner_console_markup.html.erb within layouts/inlined_string (0.3ms)
  Rendered /usr/local/lib/ruby/gems/2.2.0/gems/web-console-2.2.1/lib/web_console/templates/_prompt_box_markup.html.erb within layouts/inlined_string (0.3ms)
  Rendered /usr/local/lib/ruby/gems/2.2.0/gems/web-console-2.2.1/lib/web_console/templates/style.css.erb within layouts/inlined_string (0.3ms)
  Rendered /usr/local/lib/ruby/gems/2.2.0/gems/web-console-2.2.1/lib/web_console/templates/console.js.erb within layouts/javascript (41.6ms)
  Rendered /usr/local/lib/ruby/gems/2.2.0/gems/web-console-2.2.1/lib/web_console/templates/main.js.erb within layouts/javascript (0.3ms)
  Rendered /usr/local/lib/ruby/gems/2.2.0/gems/web-console-2.2.1/lib/web_console/templates/error_page.js.erb within layouts/javascript (0.4ms)
  Rendered /usr/local/lib/ruby/gems/2.2.0/gems/web-console-2.2.1/lib/web_console/templates/index.html.erb (88.4ms)


Started GET "/guys.json" for ::1 at 2015-09-25 15:31:01 -0400
Processing by GuysController#index as JSON
  [1m[36mGuy Load (0.2ms)[0m  [1mSELECT "guys".* FROM "guys"[0m
Completed 200 OK in 6ms (Views: 4.0ms | ActiveRecord: 0.4ms)


Started GET "/guys.json" for ::1 at 2015-09-25 15:31:18 -0400
  [1m[36mActiveRecord::SchemaMigration Load (0.1ms)[0m  [1mSELECT "schema_migrations".* FROM "schema_migrations"[0m
Processing by GuysController#index as JSON
  [1m[35mGuy Load (0.1ms)[0m  SELECT "guys".* FROM "guys"
Completed 200 OK in 13ms (Views: 4.3ms | ActiveRecord: 0.4ms)


Started GET "/guys.json" for ::1 at 2015-09-25 15:31:42 -0400
Processing by GuysController#index as JSON
  [1m[36mGuy Load (0.3ms)[0m  [1mSELECT "guys".* FROM "guys"[0m
Completed 200 OK in 6ms (Views: 3.6ms | ActiveRecord: 0.5ms)


Started GET "/guys.json" for ::1 at 2015-09-25 16:00:49 -0400
  [1m[36mActiveRecord::SchemaMigration Load (0.5ms)[0m  [1mSELECT "schema_migrations".* FROM "schema_migrations"[0m
Processing by GuysController#index as JSON
  [1m[35mGuy Load (1.5ms)[0m  SELECT "guys".* FROM "guys"
Completed 200 OK in 25ms (Views: 8.0ms | ActiveRecord: 1.9ms)
